2023-07-16 22:55:41,991 INFO: Starting experiment with the arguments logged below.
2023-07-16 22:55:41,991 INFO: Namespace(results_path='/mnt/lustre/users/mbornman1/evoopt-cnn/experiments/fashionmnist_pop25_gen50_alexnet_tou5_cxp50_mut20_gmp50_alexnet_epo10_bat128_sed1', cpu_count=4, seed=1, dataset='fashion_mnist', pop_size=25, ngen=50, model='alexnet', epochs=10, batch_size=128, tournsize=5, cxpb=0.5, mutpb=0.2, gene_mut_prob=0.5)
2023-07-16 22:55:41,992 INFO: Setting the random number generator seed for this experiment.
2023-07-16 22:55:41,992 INFO: Initializing the multiprocessing pool.
2023-07-16 22:55:42,003 INFO: Loading dataset for the experiment.
2023-07-16 22:55:42,361 INFO: Running the evolutionary algorithm with the given hyper-parameters. This may take a while. Statistics for every generation will be printed below.
2023-07-16 22:55:42,361 INFO: Setting up DEAP toolbox.
2023-07-16 22:55:42,361 INFO: Registering individual initialization method.
2023-07-16 22:55:42,362 INFO: Registering population initialization method.
2023-07-16 22:55:42,362 INFO: Registering the selection method.
2023-07-16 22:55:42,362 INFO: Registering the evaluation method.
2023-07-16 22:55:42,362 INFO: Registering the genetic operators.
2023-07-16 22:55:42,362 INFO: Setting up the hall of fame and stats we want to keep track of.
2023-07-16 22:55:42,362 INFO: Initializing the initial population.
2023-07-16 22:55:42,374 INFO: Running the evolutionary algorithm.
2023-07-16 22:55:42,375 INFO: Evaluating fitness for the initial generation of individuals.
2023-07-16 22:55:42,375 INFO: Will evaluate fitness for 25 individuals.
2023-07-16 23:17:48,975 INFO: Applying selection operators for generation 1.
2023-07-16 23:17:48,976 INFO: Applying genetic operators for generation 1.
2023-07-16 23:17:48,979 INFO: Evaluating fitness for for generation 1.
2023-07-16 23:17:48,979 INFO: Will evaluate fitness for 13 individuals.
2023-07-16 23:28:57,587 INFO: Applying selection operators for generation 2.
2023-07-16 23:28:57,587 INFO: Applying genetic operators for generation 2.
2023-07-16 23:28:57,588 INFO: Evaluating fitness for for generation 2.
2023-07-16 23:28:57,589 INFO: Will evaluate fitness for 9 individuals.
2023-07-16 23:36:41,871 INFO: Applying selection operators for generation 3.
2023-07-16 23:36:41,872 INFO: Applying genetic operators for generation 3.
2023-07-16 23:36:41,874 INFO: Evaluating fitness for for generation 3.
2023-07-16 23:36:41,874 INFO: Will evaluate fitness for 10 individuals.
2023-07-16 23:45:14,970 INFO: Applying selection operators for generation 4.
2023-07-16 23:45:14,972 INFO: Applying genetic operators for generation 4.
2023-07-16 23:45:14,974 INFO: Evaluating fitness for for generation 4.
2023-07-16 23:45:14,974 INFO: Will evaluate fitness for 15 individuals.
2023-07-16 23:57:04,483 INFO: Applying selection operators for generation 5.
2023-07-16 23:57:04,483 INFO: Applying genetic operators for generation 5.
2023-07-16 23:57:04,486 INFO: Evaluating fitness for for generation 5.
2023-07-16 23:57:04,486 INFO: Will evaluate fitness for 16 individuals.
2023-07-17 00:09:29,418 INFO: Applying selection operators for generation 6.
2023-07-17 00:09:29,419 INFO: Applying genetic operators for generation 6.
2023-07-17 00:09:29,421 INFO: Evaluating fitness for for generation 6.
2023-07-17 00:09:29,421 INFO: Will evaluate fitness for 11 individuals.
2023-07-17 00:18:19,104 INFO: Applying selection operators for generation 7.
2023-07-17 00:18:19,105 INFO: Applying genetic operators for generation 7.
2023-07-17 00:18:19,107 INFO: Evaluating fitness for for generation 7.
2023-07-17 00:18:19,107 INFO: Will evaluate fitness for 8 individuals.
2023-07-17 00:24:27,522 INFO: Applying selection operators for generation 8.
2023-07-17 00:24:27,523 INFO: Applying genetic operators for generation 8.
2023-07-17 00:24:27,526 INFO: Evaluating fitness for for generation 8.
2023-07-17 00:24:27,526 INFO: Will evaluate fitness for 19 individuals.
2023-07-17 00:40:44,656 INFO: Applying selection operators for generation 9.
2023-07-17 00:40:44,656 INFO: Applying genetic operators for generation 9.
2023-07-17 00:40:44,658 INFO: Evaluating fitness for for generation 9.
2023-07-17 00:40:44,658 INFO: Will evaluate fitness for 13 individuals.
2023-07-17 00:51:44,857 INFO: Applying selection operators for generation 10.
2023-07-17 00:51:44,858 INFO: Applying genetic operators for generation 10.
2023-07-17 00:51:44,859 INFO: Evaluating fitness for for generation 10.
2023-07-17 00:51:44,859 INFO: Will evaluate fitness for 17 individuals.
2023-07-17 01:05:49,122 INFO: Applying selection operators for generation 11.
2023-07-17 01:05:49,123 INFO: Applying genetic operators for generation 11.
2023-07-17 01:05:49,125 INFO: Evaluating fitness for for generation 11.
2023-07-17 01:05:49,126 INFO: Will evaluate fitness for 13 individuals.
2023-07-17 01:17:11,246 INFO: Applying selection operators for generation 12.
2023-07-17 01:17:11,246 INFO: Applying genetic operators for generation 12.
2023-07-17 01:17:11,249 INFO: Evaluating fitness for for generation 12.
2023-07-17 01:17:11,249 INFO: Will evaluate fitness for 15 individuals.
2023-07-17 01:29:08,505 INFO: Applying selection operators for generation 13.
2023-07-17 01:29:08,506 INFO: Applying genetic operators for generation 13.
2023-07-17 01:29:08,509 INFO: Evaluating fitness for for generation 13.
2023-07-17 01:29:08,509 INFO: Will evaluate fitness for 15 individuals.
2023-07-17 01:41:41,647 INFO: Applying selection operators for generation 14.
2023-07-17 01:41:41,648 INFO: Applying genetic operators for generation 14.
2023-07-17 01:41:41,650 INFO: Evaluating fitness for for generation 14.
2023-07-17 01:41:41,650 INFO: Will evaluate fitness for 18 individuals.
2023-07-17 01:58:04,770 INFO: Applying selection operators for generation 15.
2023-07-17 01:58:04,771 INFO: Applying genetic operators for generation 15.
2023-07-17 01:58:04,773 INFO: Evaluating fitness for for generation 15.
2023-07-17 01:58:04,773 INFO: Will evaluate fitness for 15 individuals.
2023-07-17 02:10:55,551 INFO: Applying selection operators for generation 16.
2023-07-17 02:10:55,552 INFO: Applying genetic operators for generation 16.
2023-07-17 02:10:55,554 INFO: Evaluating fitness for for generation 16.
2023-07-17 02:10:55,554 INFO: Will evaluate fitness for 9 individuals.
2023-07-17 02:18:51,113 INFO: Applying selection operators for generation 17.
2023-07-17 02:18:51,113 INFO: Applying genetic operators for generation 17.
2023-07-17 02:18:51,116 INFO: Evaluating fitness for for generation 17.
2023-07-17 02:18:51,116 INFO: Will evaluate fitness for 16 individuals.
2023-07-17 02:31:30,036 INFO: Applying selection operators for generation 18.
2023-07-17 02:31:30,037 INFO: Applying genetic operators for generation 18.
2023-07-17 02:31:30,039 INFO: Evaluating fitness for for generation 18.
2023-07-17 02:31:30,039 INFO: Will evaluate fitness for 11 individuals.
2023-07-17 02:40:42,454 INFO: Applying selection operators for generation 19.
2023-07-17 02:40:42,474 INFO: Applying genetic operators for generation 19.
2023-07-17 02:40:42,477 INFO: Evaluating fitness for for generation 19.
2023-07-17 02:40:42,477 INFO: Will evaluate fitness for 16 individuals.
2023-07-17 02:53:35,302 INFO: Applying selection operators for generation 20.
2023-07-17 02:53:35,303 INFO: Applying genetic operators for generation 20.
2023-07-17 02:53:35,307 INFO: Evaluating fitness for for generation 20.
2023-07-17 02:53:35,307 INFO: Will evaluate fitness for 22 individuals.
2023-07-17 03:13:03,335 INFO: Applying selection operators for generation 21.
2023-07-17 03:13:03,336 INFO: Applying genetic operators for generation 21.
2023-07-17 03:13:03,339 INFO: Evaluating fitness for for generation 21.
2023-07-17 03:13:03,339 INFO: Will evaluate fitness for 16 individuals.
2023-07-17 03:25:42,714 INFO: Applying selection operators for generation 22.
2023-07-17 03:25:42,715 INFO: Applying genetic operators for generation 22.
2023-07-17 03:25:42,718 INFO: Evaluating fitness for for generation 22.
2023-07-17 03:25:42,718 INFO: Will evaluate fitness for 21 individuals.
2023-07-17 03:43:59,213 INFO: Applying selection operators for generation 23.
2023-07-17 03:43:59,214 INFO: Applying genetic operators for generation 23.
2023-07-17 03:43:59,217 INFO: Evaluating fitness for for generation 23.
2023-07-17 03:43:59,217 INFO: Will evaluate fitness for 13 individuals.
2023-07-17 03:55:00,654 INFO: Applying selection operators for generation 24.
2023-07-17 03:55:00,655 INFO: Applying genetic operators for generation 24.
2023-07-17 03:55:00,658 INFO: Evaluating fitness for for generation 24.
2023-07-17 03:55:00,658 INFO: Will evaluate fitness for 17 individuals.
2023-07-17 04:09:07,030 INFO: Applying selection operators for generation 25.
2023-07-17 04:09:07,031 INFO: Applying genetic operators for generation 25.
2023-07-17 04:09:07,034 INFO: Evaluating fitness for for generation 25.
2023-07-17 04:09:07,034 INFO: Will evaluate fitness for 17 individuals.
2023-07-17 04:23:31,733 INFO: Applying selection operators for generation 26.
2023-07-17 04:23:31,733 INFO: Applying genetic operators for generation 26.
2023-07-17 04:23:31,735 INFO: Evaluating fitness for for generation 26.
2023-07-17 04:23:31,735 INFO: Will evaluate fitness for 11 individuals.
2023-07-17 04:32:22,052 INFO: Applying selection operators for generation 27.
2023-07-17 04:32:22,053 INFO: Applying genetic operators for generation 27.
2023-07-17 04:32:22,055 INFO: Evaluating fitness for for generation 27.
2023-07-17 04:32:22,055 INFO: Will evaluate fitness for 13 individuals.
2023-07-17 04:43:16,282 INFO: Applying selection operators for generation 28.
2023-07-17 04:43:16,283 INFO: Applying genetic operators for generation 28.
2023-07-17 04:43:16,284 INFO: Evaluating fitness for for generation 28.
2023-07-17 04:43:16,285 INFO: Will evaluate fitness for 18 individuals.
2023-07-17 04:59:14,257 INFO: Applying selection operators for generation 29.
2023-07-17 04:59:14,258 INFO: Applying genetic operators for generation 29.
2023-07-17 04:59:14,261 INFO: Evaluating fitness for for generation 29.
2023-07-17 04:59:14,261 INFO: Will evaluate fitness for 16 individuals.
2023-07-17 05:12:39,840 INFO: Applying selection operators for generation 30.
2023-07-17 05:12:39,841 INFO: Applying genetic operators for generation 30.
2023-07-17 05:12:39,843 INFO: Evaluating fitness for for generation 30.
2023-07-17 05:12:39,843 INFO: Will evaluate fitness for 13 individuals.
2023-07-17 05:23:54,072 INFO: Applying selection operators for generation 31.
2023-07-17 05:23:54,072 INFO: Applying genetic operators for generation 31.
2023-07-17 05:23:54,075 INFO: Evaluating fitness for for generation 31.
2023-07-17 05:23:54,075 INFO: Will evaluate fitness for 18 individuals.
2023-07-17 05:40:09,510 INFO: Applying selection operators for generation 32.
2023-07-17 05:40:09,511 INFO: Applying genetic operators for generation 32.
2023-07-17 05:40:09,513 INFO: Evaluating fitness for for generation 32.
2023-07-17 05:40:09,513 INFO: Will evaluate fitness for 16 individuals.
2023-07-17 05:52:41,281 INFO: Applying selection operators for generation 33.
2023-07-17 05:52:41,282 INFO: Applying genetic operators for generation 33.
2023-07-17 05:52:41,284 INFO: Evaluating fitness for for generation 33.
2023-07-17 05:52:41,284 INFO: Will evaluate fitness for 11 individuals.
2023-07-17 06:01:32,586 INFO: Applying selection operators for generation 34.
2023-07-17 06:01:32,586 INFO: Applying genetic operators for generation 34.
2023-07-17 06:01:32,587 INFO: Evaluating fitness for for generation 34.
2023-07-17 06:01:32,587 INFO: Will evaluate fitness for 16 individuals.
2023-07-17 06:14:00,861 INFO: Applying selection operators for generation 35.
2023-07-17 06:14:00,862 INFO: Applying genetic operators for generation 35.
2023-07-17 06:14:00,864 INFO: Evaluating fitness for for generation 35.
2023-07-17 06:14:00,864 INFO: Will evaluate fitness for 14 individuals.
2023-07-17 06:25:43,571 INFO: Applying selection operators for generation 36.
2023-07-17 06:25:43,572 INFO: Applying genetic operators for generation 36.
2023-07-17 06:25:43,574 INFO: Evaluating fitness for for generation 36.
2023-07-17 06:25:43,575 INFO: Will evaluate fitness for 17 individuals.
2023-07-17 06:40:44,399 INFO: Applying selection operators for generation 37.
2023-07-17 06:40:44,399 INFO: Applying genetic operators for generation 37.
2023-07-17 06:40:44,401 INFO: Evaluating fitness for for generation 37.
2023-07-17 06:40:44,401 INFO: Will evaluate fitness for 16 individuals.
2023-07-17 06:54:26,841 INFO: Applying selection operators for generation 38.
2023-07-17 06:54:26,842 INFO: Applying genetic operators for generation 38.
2023-07-17 06:54:26,845 INFO: Evaluating fitness for for generation 38.
2023-07-17 06:54:26,845 INFO: Will evaluate fitness for 12 individuals.
2023-07-17 07:03:48,400 INFO: Applying selection operators for generation 39.
2023-07-17 07:03:48,401 INFO: Applying genetic operators for generation 39.
2023-07-17 07:03:48,404 INFO: Evaluating fitness for for generation 39.
2023-07-17 07:03:48,404 INFO: Will evaluate fitness for 17 individuals.
2023-07-17 07:18:03,971 INFO: Applying selection operators for generation 40.
2023-07-17 07:18:03,972 INFO: Applying genetic operators for generation 40.
2023-07-17 07:18:03,975 INFO: Evaluating fitness for for generation 40.
2023-07-17 07:18:03,975 INFO: Will evaluate fitness for 15 individuals.
2023-07-17 07:30:05,804 INFO: Applying selection operators for generation 41.
2023-07-17 07:30:05,805 INFO: Applying genetic operators for generation 41.
2023-07-17 07:30:05,807 INFO: Evaluating fitness for for generation 41.
2023-07-17 07:30:05,807 INFO: Will evaluate fitness for 11 individuals.
2023-07-17 07:38:58,473 INFO: Applying selection operators for generation 42.
2023-07-17 07:38:58,473 INFO: Applying genetic operators for generation 42.
2023-07-17 07:38:58,475 INFO: Evaluating fitness for for generation 42.
2023-07-17 07:38:58,475 INFO: Will evaluate fitness for 10 individuals.
2023-07-17 07:47:23,681 INFO: Applying selection operators for generation 43.
2023-07-17 07:47:23,681 INFO: Applying genetic operators for generation 43.
2023-07-17 07:47:23,683 INFO: Evaluating fitness for for generation 43.
2023-07-17 07:47:23,683 INFO: Will evaluate fitness for 11 individuals.
2023-07-17 07:56:11,232 INFO: Applying selection operators for generation 44.
2023-07-17 07:56:11,232 INFO: Applying genetic operators for generation 44.
2023-07-17 07:56:11,234 INFO: Evaluating fitness for for generation 44.
2023-07-17 07:56:11,234 INFO: Will evaluate fitness for 16 individuals.
2023-07-17 08:08:42,067 INFO: Applying selection operators for generation 45.
2023-07-17 08:08:42,067 INFO: Applying genetic operators for generation 45.
2023-07-17 08:08:42,069 INFO: Evaluating fitness for for generation 45.
2023-07-17 08:08:42,069 INFO: Will evaluate fitness for 14 individuals.
2023-07-17 08:20:22,202 INFO: Applying selection operators for generation 46.
2023-07-17 08:20:22,202 INFO: Applying genetic operators for generation 46.
2023-07-17 08:20:22,205 INFO: Evaluating fitness for for generation 46.
2023-07-17 08:20:22,205 INFO: Will evaluate fitness for 16 individuals.
2023-07-17 08:32:51,447 INFO: Applying selection operators for generation 47.
2023-07-17 08:32:51,448 INFO: Applying genetic operators for generation 47.
2023-07-17 08:32:51,450 INFO: Evaluating fitness for for generation 47.
2023-07-17 08:32:51,451 INFO: Will evaluate fitness for 22 individuals.
2023-07-17 08:51:30,548 INFO: Applying selection operators for generation 48.
2023-07-17 08:51:30,548 INFO: Applying genetic operators for generation 48.
2023-07-17 08:51:30,553 INFO: Evaluating fitness for for generation 48.
2023-07-17 08:51:30,553 INFO: Will evaluate fitness for 19 individuals.
2023-07-17 09:08:09,531 INFO: Applying selection operators for generation 49.
2023-07-17 09:08:09,531 INFO: Applying genetic operators for generation 49.
2023-07-17 09:08:09,533 INFO: Evaluating fitness for for generation 49.
2023-07-17 09:08:09,533 INFO: Will evaluate fitness for 15 individuals.
2023-07-17 09:20:25,558 INFO: Applying selection operators for generation 50.
2023-07-17 09:20:25,558 INFO: Applying genetic operators for generation 50.
2023-07-17 09:20:25,561 INFO: Evaluating fitness for for generation 50.
2023-07-17 09:20:25,561 INFO: Will evaluate fitness for 14 individuals.
2023-07-17 09:32:06,140 INFO: Saving the results to the folder specified in the arguments.
2023-07-17 09:32:06,172 INFO: Closing the multiprocessing pool.
2023-07-17 09:32:06,172 INFO: Experiment finished.
